<?xml version="1.0" encoding="UTF-8"?>
<!-- Generated by org.testng.reporters.JUnitReportReporter -->
<testsuite hostname="RajollaTharun" failures="0" tests="4" name="rb.test1.LaunchApp" time="22.583" errors="0" timestamp="2023-04-07T16:24:52 IST" skipped="0">
  <testcase classname="rb.test1.LaunchApp" name="launchChromeDriver" time="5.398"/>
  <system-out/>
  <testcase classname="rb.test1.LaunchApp" name="website" time="2.044"/>
  <system-out/>
  <testcase classname="rb.test1.LaunchApp" name="doSignIn" time="7.538"/>
  <system-out/>
  <testcase classname="rb.test1.LaunchApp" name="doSignOut" time="7.603"/>
  <system-out/>
</testsuite> <!-- rb.test1.LaunchApp -->
