<?xml version="1.0" encoding="UTF-8"?>
<!-- Generated by org.testng.reporters.JUnitReportReporter -->
<testsuite hostname="RajollaTharun" failures="0" tests="1" name="rb.test1.Men" time="7.402" errors="0" timestamp="2023-04-07T17:08:40 IST" skipped="0">
  <testcase classname="rb.test1.Men" name="clickMen" time="7.402"/>
  <system-out/>
</testsuite> <!-- rb.test1.Men -->
